<?xml version="1.0" encoding="UTF-8"?>
<!-- Generated by org.testng.reporters.JUnitReportReporter -->
<testsuite hostname="Subhams-MacBook-Air.local" failures="0" tests="2" name="parralleltesting.ParallelTest1" time="23.335" errors="0" timestamp="2024-02-24T23:34:01 IST" skipped="0">
  <testcase classname="parralleltesting.ParallelTest1" name="homePageTitle" time="12.626"/>
  <system-out/>
  <testcase classname="parralleltesting.ParallelTest1" name="logoTest" time="10.709"/>
  <system-out/>
</testsuite> <!-- parralleltesting.ParallelTest1 -->
