<?xml version="1.0" encoding="UTF-8"?>
<!-- Generated by org.testng.reporters.JUnitReportReporter -->
<testsuite hostname="Subhams-MacBook-Air.local" failures="0" tests="2" name="Anotations.TestCase1" time="0.014" errors="0" timestamp="2024-02-22T09:45:47 IST" skipped="0">
  <testcase classname="Anotations.TestCase1" name="test2" time="0.005"/>
  <system-out/>
  <testcase classname="Anotations.TestCase1" name="test1" time="0.009"/>
  <system-out/>
</testsuite> <!-- Anotations.TestCase1 -->
