<?xml version="1.0" encoding="UTF-8"?>
<!-- Generated by org.testng.reporters.JUnitReportReporter -->
<testsuite hostname="Subhams-MacBook-Air.local" failures="0" tests="2" name="Anotations.TestCase2" time="0.005" errors="0" timestamp="2024-02-22T09:45:48 IST" skipped="0">
  <testcase classname="Anotations.TestCase2" name="test3" time="0.003"/>
  <system-out/>
  <testcase classname="Anotations.TestCase2" name="test4" time="0.002"/>
  <system-out/>
</testsuite> <!-- Anotations.TestCase2 -->
