<?xml version="1.0" encoding="UTF-8"?>
<!-- Generated by org.testng.reporters.JUnitReportReporter -->
<testsuite hostname="Subhams-MacBook-Air.local" failures="0" tests="1" name="parralleltesting.ParallelTest2" time="21.288" errors="0" timestamp="2024-02-25T00:21:28 IST" skipped="0">
  <testcase classname="parralleltesting.ParallelTest2" name="LoginTest" time="21.288"/>
  <system-out/>
</testsuite> <!-- parralleltesting.ParallelTest2 -->
