<?xml version="1.0" encoding="UTF-8"?>
<!-- Generated by org.testng.reporters.JUnitReportReporter -->
<testsuite hostname="Subhams-MacBook-Air.local" failures="0" tests="4" name="sampleTestNGDemo.PriorityExample" time="0.011" errors="0" timestamp="2024-02-22T19:40:50 IST" skipped="1">
  <testcase classname="sampleTestNGDemo.PriorityExample" name="TestOne" time="0.008"/>
  <system-out/>
  <testcase classname="sampleTestNGDemo.PriorityExample" name="TestTwo" time="0.001"/>
  <system-out/>
  <testcase classname="sampleTestNGDemo.PriorityExample" name="Testthree" time="0.002"/>
  <system-out/>
  <testcase classname="sampleTestNGDemo.PriorityExample" name="TestFour">
    <skipped/>
  </testcase> <!-- TestFour -->
  <system-out/>
</testsuite> <!-- sampleTestNGDemo.PriorityExample -->
