<?xml version="1.0" encoding="UTF-8"?>
<!-- Generated by org.testng.reporters.JUnitReportReporter -->
<testsuite hostname="Subhams-MacBook-Air.local" failures="0" tests="2" name="parralleltesting.ParallelTest" time="37.653" errors="0" timestamp="2024-02-25T00:21:28 IST" skipped="0">
  <testcase classname="parralleltesting.ParallelTest" name="logoTest" time="17.928"/>
  <system-out/>
  <testcase classname="parralleltesting.ParallelTest" name="homePageTitle" time="19.725"/>
  <system-out/>
</testsuite> <!-- parralleltesting.ParallelTest -->
