<?xml version="1.0" encoding="UTF-8"?>
<!-- Generated by org.testng.reporters.JUnitReportReporter -->
<testsuite hostname="Subhams-MacBook-Air.local" failures="0" tests="2" name="sampleTestNGDemo.TestCase1" time="0.009" errors="0" timestamp="2024-02-22T09:25:32 IST" skipped="0">
  <testcase classname="sampleTestNGDemo.TestCase1" name="test2" time="0.003"/>
  <system-out/>
  <testcase classname="sampleTestNGDemo.TestCase1" name="test1" time="0.006"/>
  <system-out/>
</testsuite> <!-- sampleTestNGDemo.TestCase1 -->
