<?xml version="1.0" encoding="UTF-8"?>
<!-- Generated by org.testng.reporters.JUnitReportReporter -->
<testsuite hostname="Subhams-MacBook-Air.local" failures="0" tests="3" name="sampleTestNGDemo.GroupingTest" time="0.009" errors="0" timestamp="2024-02-22T19:57:15 IST" skipped="0">
  <testcase classname="sampleTestNGDemo.GroupingTest" name="test5" time="0.001"/>
  <system-out/>
  <testcase classname="sampleTestNGDemo.GroupingTest" name="test1" time="0.007"/>
  <system-out/>
  <testcase classname="sampleTestNGDemo.GroupingTest" name="test2" time="0.001"/>
  <system-out/>
</testsuite> <!-- sampleTestNGDemo.GroupingTest -->
