<?xml version="1.0" encoding="UTF-8"?>
<!-- Generated by org.testng.reporters.JUnitReportReporter -->
<testsuite hostname="Subhams-MacBook-Air.local" failures="0" tests="1" name="sampleTestNGDemo.AssertionsExamples" time="0.509" errors="0" timestamp="2024-02-24T21:05:10 IST" skipped="0">
  <testcase classname="sampleTestNGDemo.AssertionsExamples" name="logoTest" time="0.509"/>
  <system-out/>
</testsuite> <!-- sampleTestNGDemo.AssertionsExamples -->
