<?xml version="1.0" encoding="UTF-8"?>
<!-- Generated by org.testng.reporters.JUnitReportReporter -->
<testsuite hostname="Subhams-MacBook-Air.local" failures="0" tests="1" name="sampleTestNGDemo.Parameters" time="0.269" errors="0" timestamp="2024-02-24T22:10:03 IST" skipped="0">
  <testcase classname="sampleTestNGDemo.Parameters" name="logoTest" time="0.269"/>
  <system-out/>
</testsuite> <!-- sampleTestNGDemo.Parameters -->
