<?xml version="1.0" encoding="UTF-8"?>
<!-- Generated by org.testng.reporters.JUnitReportReporter -->
<testsuite hostname="Subhams-MacBook-Air.local" failures="0" tests="3" name="sampleTestNGDemo.DataProviderExample" time="0.009" errors="0" timestamp="2024-02-24T23:08:51 IST" skipped="0">
  <testcase classname="sampleTestNGDemo.DataProviderExample" name="loginTest" time="0.001"/>
  <system-out/>
  <testcase classname="sampleTestNGDemo.DataProviderExample" name="loginTest" time="0.002"/>
  <system-out/>
  <testcase classname="sampleTestNGDemo.DataProviderExample" name="loginTest" time="0.006"/>
  <system-out/>
</testsuite> <!-- sampleTestNGDemo.DataProviderExample -->
