<?xml version="1.0" encoding="UTF-8"?>
<!-- Generated by org.testng.reporters.JUnitReportReporter -->
<testsuite hostname="Subhams-MacBook-Air.local" failures="0" tests="3" name="sampleTestNGDemo.FirstTestCase" time="0.012" errors="0" timestamp="2024-02-22T08:46:25 IST" skipped="0">
  <testcase classname="sampleTestNGDemo.FirstTestCase" name="setup" time="0.007"/>
  <system-out/>
  <testcase classname="sampleTestNGDemo.FirstTestCase" name="login" time="0.002"/>
  <system-out/>
  <testcase classname="sampleTestNGDemo.FirstTestCase" name="teardown" time="0.003"/>
  <system-out/>
</testsuite> <!-- sampleTestNGDemo.FirstTestCase -->
